<?xml version="1.0" encoding="UTF-8"?>
<!-- Generated by org.testng.reporters.JUnitReportReporter -->
<testsuite hostname="DESKTOP-3CNBKPE" failures="0" tests="1" name="resumeautomation.naukritestcases.ResumeUploadData" time="0.138" errors="0" timestamp="2023-07-13T17:12:16 IST" skipped="0">
  <testcase classname="resumeautomation.naukritestcases.ResumeUploadData" name="naukri" time="0.138"/>
  <system-out/>
</testsuite> <!-- resumeautomation.naukritestcases.ResumeUploadData -->
