<?xml version="1.0" encoding="UTF-8"?>
<!-- Generated by org.testng.reporters.JUnitReportReporter -->
<testsuite hostname="DESKTOP-3CNBKPE" failures="0" tests="1" name="resumeautomation.naukritestcases.ResumeUploadData" time="13.896" errors="0" timestamp="2023-07-05T15:28:09 IST" skipped="0">
  <testcase classname="resumeautomation.naukritestcases.ResumeUploadData" name="naukri" time="13.896"/>
  <system-out/>
</testsuite> <!-- resumeautomation.naukritestcases.ResumeUploadData -->
