<?xml version="1.0" encoding="UTF-8"?>
<!-- Generated by org.testng.reporters.JUnitReportReporter -->
<testsuite hostname="DESKTOP-3CNBKPE" failures="0" tests="2" name="seleniumtopics.SslCertificateChromeAndFireFox" time="31.815" errors="0" timestamp="2023-07-07T16:11:04 IST" skipped="0">
  <testcase classname="seleniumtopics.SslCertificateChromeAndFireFox" name="launchSSLInChrome" time="14.046"/>
  <system-out/>
  <testcase classname="seleniumtopics.SslCertificateChromeAndFireFox" name="launchSSLEdge" time="17.769"/>
  <system-out/>
</testsuite> <!-- seleniumtopics.SslCertificateChromeAndFireFox -->
