<?xml version="1.0" encoding="UTF-8"?>
<!-- Generated by org.testng.reporters.JUnitReportReporter -->
<testsuite hostname="DESKTOP-3CNBKPE" failures="0" tests="1" name="seleniumtopics.HeadlessBrowser" time="0.010" errors="0" timestamp="2023-07-07T16:11:04 IST" skipped="0">
  <testcase classname="seleniumtopics.HeadlessBrowser" name="verifyGoogle" time="0.010"/>
  <system-out/>
</testsuite> <!-- seleniumtopics.HeadlessBrowser -->
