<?xml version="1.0" encoding="UTF-8"?>
<!-- Generated by org.testng.reporters.JUnitReportReporter -->
<testsuite skipped="0" hostname="DESKTOP-3CNBKPE" name="resumeautomation.naukritestcases.ResumeUploadData" tests="1" failures="0" timestamp="2023-07-05T15:50:37 IST" time="18.109" errors="0">
  <testcase name="naukri" time="18.109" classname="resumeautomation.naukritestcases.ResumeUploadData"/>
  <system-out/>
</testsuite> <!-- resumeautomation.naukritestcases.ResumeUploadData -->
